<?xml version="1.0" encoding="UTF-8"?>
<coverage generated="1577540603824" clover="3.2.0">
  <project timestamp="1577540603824" name="All files">
    <metrics statements="50" coveredstatements="41" conditionals="26" coveredconditionals="20" methods="24" coveredmethods="21" elements="100" coveredelements="82" complexity="0" loc="50" ncloc="50" packages="1" files="2" classes="2"/>
    <file name="sagas.ts" path="D:\projects\ts-demo\src\sagas.ts">
      <metrics statements="9" coveredstatements="0" conditionals="6" coveredconditionals="0" methods="3" coveredmethods="0"/>
      <line num="6" count="0" type="stmt"/>
      <line num="7" count="0" type="stmt"/>
      <line num="8" count="0" type="cond" truecount="0" falsecount="2"/>
      <line num="9" count="0" type="stmt"/>
      <line num="12" count="0" type="stmt"/>
      <line num="13" count="0" type="cond" truecount="0" falsecount="2"/>
      <line num="14" count="0" type="stmt"/>
      <line num="16" count="0" type="cond" truecount="0" falsecount="2"/>
      <line num="21" count="0" type="stmt"/>
    </file>
    <file name="store.ts" path="D:\projects\ts-demo\src\store.ts">
      <metrics statements="41" coveredstatements="41" conditionals="20" coveredconditionals="20" methods="21" coveredmethods="21"/>
      <line num="21" count="13" type="stmt"/>
      <line num="22" count="21" type="stmt"/>
      <line num="25" count="2" type="stmt"/>
      <line num="28" count="2" type="cond" truecount="2" falsecount="0"/>
      <line num="29" count="1" type="stmt"/>
      <line num="31" count="1" type="stmt"/>
      <line num="35" count="1" type="cond" truecount="2" falsecount="0"/>
      <line num="36" count="4" type="stmt"/>
      <line num="38" count="4" type="cond" truecount="2" falsecount="0"/>
      <line num="39" count="4" type="stmt"/>
      <line num="44" count="4" type="stmt"/>
      <line num="45" count="4" type="stmt"/>
      <line num="46" count="4" type="stmt"/>
      <line num="47" count="4" type="stmt"/>
      <line num="48" count="4" type="stmt"/>
      <line num="51" count="1" type="stmt"/>
      <line num="60" count="6" type="cond" truecount="2" falsecount="0"/>
      <line num="61" count="6" type="stmt"/>
      <line num="64" count="3" type="stmt"/>
      <line num="65" count="6" type="stmt"/>
      <line num="69" count="24" type="cond" truecount="3" falsecount="0"/>
      <line num="71" count="4" type="stmt"/>
      <line num="73" count="2" type="stmt"/>
      <line num="75" count="18" type="stmt"/>
      <line num="79" count="3" type="stmt"/>
      <line num="85" count="1" type="stmt"/>
      <line num="92" count="4" type="stmt"/>
      <line num="93" count="4" type="stmt"/>
      <line num="94" count="4" type="stmt"/>
      <line num="95" count="4" type="stmt"/>
      <line num="96" count="4" type="stmt"/>
      <line num="97" count="2" type="stmt"/>
      <line num="105" count="1" type="stmt"/>
      <line num="106" count="1" type="stmt"/>
      <line num="107" count="1" type="stmt"/>
      <line num="110" count="1" type="stmt"/>
      <line num="112" count="1" type="stmt"/>
      <line num="116" count="2" type="cond" truecount="2" falsecount="0"/>
      <line num="117" count="2" type="stmt"/>
      <line num="118" count="2" type="stmt"/>
      <line num="124" count="2" type="stmt"/>
    </file>
  </project>
</coverage>
