{"D:\\projects\\ts-demo\\src\\store.ts": {"path":"D:\\projects\\ts-demo\\src\\store.ts","statementMap":{"0":{"start":{"line":7,"column":30},"end":{"line":23,"column":1}},"1":{"start":{"line":11,"column":25},"end":{"line":11,"column":47}},"2":{"start":{"line":13,"column":4},"end":{"line":13,"column":67}},"3":{"start":{"line":14,"column":31},"end":{"line":18,"column":3}},"4":{"start":{"line":19,"column":2},"end":{"line":19,"column":30}},"5":{"start":{"line":20,"column":2},"end":{"line":20,"column":27}},"6":{"start":{"line":21,"column":2},"end":{"line":21,"column":37}},"7":{"start":{"line":22,"column":2},"end":{"line":22,"column":15}}},"fnMap":{"0":{"name":"(anonymous_0)","decl":{"start":{"line":7,"column":30},"end":{"line":7,"column":31}},"loc":{"start":{"line":10,"column":20},"end":{"line":23,"column":1}},"line":10}},"branchMap":{"0":{"loc":{"start":{"line":13,"column":4},"end":{"line":13,"column":67}},"type":"binary-expr","locations":[{"start":{"line":13,"column":4},"end":{"line":13,"column":56}},{"start":{"line":13,"column":60},"end":{"line":13,"column":67}}],"line":13}},"s":{"0":1,"1":2,"2":2,"3":2,"4":2,"5":2,"6":2,"7":2},"f":{"0":2},"b":{"0":[2,1]},"_coverageSchema":"43e27e138ebf9cfc5966b082cf9a028302ed4184","hash":"58c660220a6958df435bf5d182f60fdbdd3f319b"}
,"D:\\projects\\ts-demo\\src\\components\\App\\index.tsx": {"path":"D:\\projects\\ts-demo\\src\\components\\App\\index.tsx","statementMap":{"0":{"start":{"line":7,"column":19},"end":{"line":10,"column":1}},"1":{"start":{"line":8,"column":22},"end":{"line":8,"column":27}},"2":{"start":{"line":9,"column":2},"end":{"line":9,"column":43}}},"fnMap":{"0":{"name":"(anonymous_0)","decl":{"start":{"line":7,"column":19},"end":{"line":7,"column":20}},"loc":{"start":{"line":7,"column":40},"end":{"line":10,"column":1}},"line":7}},"branchMap":{},"s":{"0":1,"1":1,"2":1},"f":{"0":1},"b":{},"_coverageSchema":"43e27e138ebf9cfc5966b082cf9a028302ed4184","hash":"6b0fabeac51311a67c8a1f6a9968f3ee3ab46742"}
}
