TN:
SF:D:\projects\ts-demo\src\sagas.ts
FN:5,request
FN:9,(anonymous_1)
FN:20,sagas
FNF:3
FNH:0
FNDA:0,request
FNDA:0,(anonymous_1)
FNDA:0,sagas
DA:6,0
DA:7,0
DA:8,0
DA:9,0
DA:12,0
DA:13,0
DA:14,0
DA:16,0
DA:21,0
LF:9
LH:0
BRDA:8,0,0,0
BRDA:8,0,1,0
BRDA:13,1,0,0
BRDA:13,1,1,0
BRDA:16,2,0,0
BRDA:16,2,1,0
BRF:6
BRH:0
end_of_record
TN:
SF:D:\projects\ts-demo\src\store.ts
FN:21,(anonymous_0)
FN:22,(anonymous_1)
FN:25,(anonymous_2)
FN:25,(anonymous_3)
FN:25,(anonymous_4)
FN:31,(anonymous_5)
FN:35,(anonymous_6)
FN:51,(anonymous_7)
FN:64,(anonymous_8)
FN:65,(anonymous_9)
FN:68,(anonymous_10)
FN:79,(anonymous_11)
FN:85,(anonymous_12)
FN:92,(anonymous_13)
FN:93,(anonymous_14)
FN:94,(anonymous_15)
FN:95,(anonymous_16)
FN:96,(anonymous_17)
FN:105,(anonymous_18)
FN:112,(anonymous_19)
FN:119,(anonymous_20)
FNF:21
FNH:21
FNDA:13,(anonymous_0)
FNDA:21,(anonymous_1)
FNDA:2,(anonymous_2)
FNDA:2,(anonymous_3)
FNDA:2,(anonymous_4)
FNDA:1,(anonymous_5)
FNDA:4,(anonymous_6)
FNDA:6,(anonymous_7)
FNDA:3,(anonymous_8)
FNDA:6,(anonymous_9)
FNDA:24,(anonymous_10)
FNDA:3,(anonymous_11)
FNDA:2,(anonymous_12)
FNDA:4,(anonymous_13)
FNDA:4,(anonymous_14)
FNDA:4,(anonymous_15)
FNDA:4,(anonymous_16)
FNDA:4,(anonymous_17)
FNDA:1,(anonymous_18)
FNDA:2,(anonymous_19)
FNDA:2,(anonymous_20)
DA:21,13
DA:22,21
DA:25,2
DA:28,2
DA:29,1
DA:31,1
DA:35,1
DA:36,4
DA:38,4
DA:39,4
DA:44,4
DA:45,4
DA:46,4
DA:47,4
DA:48,4
DA:51,1
DA:60,6
DA:61,6
DA:64,3
DA:65,6
DA:69,24
DA:71,4
DA:73,2
DA:75,18
DA:79,3
DA:85,1
DA:92,4
DA:93,4
DA:94,4
DA:95,4
DA:96,4
DA:97,2
DA:105,1
DA:106,1
DA:107,1
DA:110,1
DA:112,1
DA:116,2
DA:117,2
DA:118,2
DA:124,2
LF:41
LH:41
BRDA:28,0,0,1
BRDA:28,0,1,1
BRDA:35,1,0,2
BRDA:35,2,0,2
BRDA:38,3,0,4
BRDA:38,3,1,1
BRDA:54,4,0,1
BRDA:55,5,0,6
BRDA:56,6,0,6
BRDA:57,7,0,6
BRDA:60,8,0,1
BRDA:60,8,1,5
BRDA:68,9,0,18
BRDA:69,10,0,4
BRDA:69,10,1,2
BRDA:69,10,2,18
BRDA:87,11,0,2
BRDA:114,12,0,2
BRDA:116,13,0,1
BRDA:116,13,1,1
BRF:20
BRH:20
end_of_record
