TN:
SF:D:\projects\ts-demo\src\store.ts
FN:20,(anonymous_0)
FN:21,(anonymous_1)
FN:24,(anonymous_2)
FN:24,(anonymous_3)
FN:24,(anonymous_4)
FN:30,(anonymous_5)
FN:34,(anonymous_6)
FN:52,(anonymous_7)
FN:64,(anonymous_8)
FN:65,(anonymous_9)
FN:68,(anonymous_10)
FN:79,(anonymous_11)
FN:85,(anonymous_12)
FN:92,(anonymous_13)
FN:93,(anonymous_14)
FN:94,(anonymous_15)
FN:95,(anonymous_16)
FN:103,(anonymous_17)
FNF:18
FNH:18
FNDA:13,(anonymous_0)
FNDA:21,(anonymous_1)
FNDA:2,(anonymous_2)
FNDA:2,(anonymous_3)
FNDA:2,(anonymous_4)
FNDA:1,(anonymous_5)
FNDA:4,(anonymous_6)
FNDA:6,(anonymous_7)
FNDA:3,(anonymous_8)
FNDA:2,(anonymous_9)
FNDA:24,(anonymous_10)
FNDA:3,(anonymous_11)
FNDA:2,(anonymous_12)
FNDA:4,(anonymous_13)
FNDA:4,(anonymous_14)
FNDA:4,(anonymous_15)
FNDA:4,(anonymous_16)
FNDA:1,(anonymous_17)
DA:20,13
DA:21,21
DA:24,2
DA:27,2
DA:28,1
DA:30,1
DA:34,1
DA:38,4
DA:40,4
DA:41,4
DA:46,4
DA:47,4
DA:48,4
DA:49,4
DA:52,1
DA:60,6
DA:61,6
DA:64,3
DA:65,2
DA:69,24
DA:71,4
DA:73,2
DA:75,18
DA:79,3
DA:85,1
DA:92,4
DA:93,4
DA:94,4
DA:95,4
DA:96,2
DA:103,1
DA:104,1
DA:105,1
LF:33
LH:33
BRDA:27,0,0,1
BRDA:27,0,1,1
BRDA:35,1,0,2
BRDA:36,2,0,2
BRDA:40,3,0,4
BRDA:40,3,1,1
BRDA:55,4,0,1
BRDA:56,5,0,6
BRDA:57,6,0,6
BRDA:58,7,0,6
BRDA:60,8,0,1
BRDA:60,8,1,5
BRDA:68,9,0,18
BRDA:69,10,0,4
BRDA:69,10,1,2
BRDA:69,10,2,18
BRDA:87,11,0,2
BRF:17
BRH:17
end_of_record
TN:
SF:D:\projects\ts-demo\src\components\App\index.tsx
FN:4,(anonymous_0)
FNF:1
FNH:1
FNDA:1,(anonymous_0)
DA:4,1
DA:5,1
DA:6,1
LF:3
LH:3
BRF:0
BRH:0
end_of_record
